95.04.11 06:18 B D:\00HTML\ACCESS\GSG\skiprats.gif --> www.pavilion.co.uk /gsg skiprats.gif
96.08.21 11:59 B D:\00HTML\ACCESS\GSG\pilton.htm --> www.pavilion.co.uk /gsg pilton.htm
96.08.21 12:04 B D:\00HTML\ACCESS\GSG\striplog.gif --> www.pavilion.co.uk /gsg striplog.gif
96.10.05 12:23 B C:\0WEBSITE\GSG\bumble.gif --> www.pavilion.co.uk /gsg bumble.gif
96.10.05 12:24 B C:\0WEBSITE\GSG\ferry.gif --> www.pavilion.co.uk /gsg ferry.gif
96.10.05 12:24 B C:\0WEBSITE\GSG\skiprats.gif --> www.pavilion.co.uk /gsg skiprats.gif
96.10.05 12:25 B C:\0WEBSITE\GSG\xbumble.gif --> www.pavilion.co.uk /gsg xbumble.gif
96.10.05 12:25 B C:\0WEBSITE\GSG\xferry.gif --> www.pavilion.co.uk /gsg xferry.gif
96.10.05 12:25 B C:\0WEBSITE\GSG\xskiprat.gif --> www.pavilion.co.uk /gsg xskiprat.gif
96.10.05 12:26 B C:\0WEBSITE\GSG\xferry.gif --> www.pavilion.co.uk /gsg xferry.gif
96.10.05 12:29 B C:\0WEBSITE\GSG\bumble.gif --> www.pavilion.co.uk /gsg bumble.gif
96.10.05 12:30 B C:\0WEBSITE\GSG\ferry.gif --> www.pavilion.co.uk /gsg ferry.gif
96.10.05 12:30 B C:\0WEBSITE\GSG\skiprats.gif --> www.pavilion.co.uk /gsg skiprats.gif
96.10.30 11:05 B C:\ACCESS\GSG\welcome.htm --> www.pavilion.co.uk /gsg welcome.htm
96.10.30 11:05 B C:\ACCESS\GSG\welcome.htm --> www.pavilion.co.uk /gsg welcome.htm
96.11.04 11:42 B C:\ACCESS\GSG\welcome.htm --> www.pavilion.co.uk /gsg welcome.htm
96.11.07 13:02 B C:\Access\GSG\welcome.htm --> www.pavilion.co.uk /anigifs welcome.htm
96.11.10 17:40 B C:\Access\GSG\welcome.htm --> www.pavilion.co.uk /gsg welcome.htm
96.11.20 18:08 B C:\Access\GSG\welcome.htm --> www.pavilion.co.uk /gsg welcome.htm
96.12.15 13:47 B C:\Access\GSG\misc-pix.htm --> www.pavilion.co.uk /gsg misc-pix.htm
96.12.15 13:47 B C:\Access\GSG\nitemare.htm --> www.pavilion.co.uk /gsg nitemare.htm
96.12.15 13:47 B C:\Access\GSG\novel.htm --> www.pavilion.co.uk /gsg novel.htm
96.12.15 13:47 B C:\Access\GSG\pilton.htm --> www.pavilion.co.uk /gsg pilton.htm
96.12.15 13:47 B C:\Access\GSG\quest1.htm --> www.pavilion.co.uk /gsg quest1.htm
96.12.15 13:47 B C:\Access\GSG\water.htm --> www.pavilion.co.uk /gsg water.htm
96.12.15 13:47 B C:\Access\GSG\welcome.htm --> www.pavilion.co.uk /gsg welcome.htm
96.12.15 13:47 B C:\Access\GSG\words.htm --> www.pavilion.co.uk /gsg words.htm
96.12.15 13:48 B C:\Access\GSG\checkout.gif --> www.pavilion.co.uk /gsg checkout.gif
96.12.15 13:48 B C:\Access\GSG\gsglogo1.gif --> www.pavilion.co.uk /gsg gsglogo1.gif
96.12.15 13:49 B C:\Access\GSG\checkout.gif --> www.pavilion.co.uk /gsg checkout.gif
96.12.15 13:49 B C:\Access\GSG\gsglogo1.gif --> www.pavilion.co.uk /gsg gsglogo1.gif
96.12.15 13:51 B C:\Access\GSG\skipani8.gif --> www.pavilion.co.uk /gsg skipani8.gif
96.12.15 13:51 B C:\Access\GSG\gsgtitle.htm --> www.pavilion.co.uk /gsg gsgtitle.htm
96.12.15 13:52 B C:\Access\GSG\skip-map.htm --> www.pavilion.co.uk /gsg skip-map.htm
96.12.15 13:54 B C:\Access\GSG\missed.htm --> www.pavilion.co.uk /gsg missed.htm
96.12.15 14:16 B C:\Access\GSG\welcome.htm --> www.pavilion.co.uk /gsg welcome.htm
97.09.22 07:59 B C:\Access\GSG\quest1.htm --> www.pavilion.co.uk /gsg quest1.htm
